<?xml version="1.0" encoding="UTF-8"?>
<!-- Generated by org.testng.reporters.JUnitReportReporter -->
<testsuite skipped="0" hostname="Lenovo-PC" name="Academy.HomePage" tests="3" failures="0" timestamp="06 May 2019 00:23:54 GMT" time="35.645" errors="0">
  <testcase name="basePageNavigation" time="19.031" classname="Academy.HomePage"/>
  <testcase name="basePageNavigation" time="8.370" classname="Academy.HomePage"/>
  <testcase name="basePageNavigation" time="8.244" classname="Academy.HomePage"/>
</testsuite> <!-- Academy.HomePage -->
