<?xml version="1.0" encoding="UTF-8"?>
<!-- Generated by org.testng.reporters.JUnitReportReporter -->
<testsuite skipped="0" hostname="Lenovo-PC" name="Academy.HomePage" tests="3" failures="0" timestamp="05 May 2019 23:35:04 GMT" time="31.623" errors="0">
  <testcase name="basePageNavigation" time="8.606" classname="Academy.HomePage"/>
  <testcase name="basePageNavigation" time="14.384" classname="Academy.HomePage"/>
  <testcase name="basePageNavigation" time="8.633" classname="Academy.HomePage"/>
</testsuite> <!-- Academy.HomePage -->
