<?xml version="1.0" encoding="UTF-8"?>
<!-- Generated by org.testng.reporters.JUnitReportReporter -->
<testsuite skipped="0" hostname="Lenovo-PC" name="Academy.validation" tests="1" failures="0" timestamp="05 May 2019 23:35:04 GMT" time="0.054" errors="0">
  <testcase name="basePageNavigation" time="0.054" classname="Academy.validation"/>
</testsuite> <!-- Academy.validation -->
